<?xml version="1.0" encoding="UTF-8"?>
<testng-results ignored="0" total="1" passed="1" failed="0" skipped="0">
  <reporter-output>
  </reporter-output>
  <suite started-at="2024-05-24T13:01:13 IST" name="Suite" finished-at="2024-05-24T13:01:16 IST" duration-ms="2711">
    <groups>
    </groups>
    <test started-at="2024-05-24T13:01:13 IST" name="Test" finished-at="2024-05-24T13:01:16 IST" duration-ms="2711">
      <class name="Test.LandingPageTest">
        <test-method is-config="true" signature="navigateToUrl()[pri:0, instance:Test.LandingPageTest@622ef26a]" started-at="2024-05-24T13:01:13 IST" name="navigateToUrl" finished-at="2024-05-24T13:01:16 IST" duration-ms="2532" status="PASS">
          <reporter-output>
          </reporter-output>
        </test-method> <!-- navigateToUrl -->
        <test-method signature="validateCurrentUrl()[pri:0, instance:Test.LandingPageTest@622ef26a]" started-at="2024-05-24T13:01:16 IST" name="validateCurrentUrl" finished-at="2024-05-24T13:01:16 IST" duration-ms="32" status="PASS">
          <reporter-output>
          </reporter-output>
        </test-method> <!-- validateCurrentUrl -->
        <test-method is-config="true" signature="terminate()[pri:0, instance:Test.LandingPageTest@622ef26a]" started-at="2024-05-24T13:01:16 IST" name="terminate" finished-at="2024-05-24T13:01:16 IST" duration-ms="90" status="PASS">
          <reporter-output>
          </reporter-output>
        </test-method> <!-- terminate -->
      </class> <!-- Test.LandingPageTest -->
    </test> <!-- Test -->
  </suite> <!-- Suite -->
</testng-results>
